<?xml version="1.0" encoding="UTF-8"?>
<!-- Generated by org.testng.reporters.JUnitReportReporter -->
<testsuite skipped="0" hostname="LAPTOP-LME6N5R0" name="com.revlog.qa.testcases.TicketUploadTest" tests="1" failures="0" timestamp="19 Sep 2019 06:37:37 GMT" time="38.362" errors="0">
  <testcase name="upload" time="38.362" classname="com.revlog.qa.testcases.TicketUploadTest"/>
</testsuite> <!-- com.revlog.qa.testcases.TicketUploadTest -->
